[INFO] logger started at Fri Feb 13 13:47:00 EST 2009
[INFO] exectuable name: /home/apurva/MetaSim_unix_0_9_3.sh
[INFO] Properties: 
-- listing properties --
java.runtime.name=Java(TM) SE Runtime Environment
exe4j.moduleName=/home/apurva/MetaSim_unix_0_9_3.sh
sun.boot.library.path=/usr/java/jdk1.6.0_12/jre/lib/amd64
java.vm.version=11.2-b01
java.vm.vendor=Sun Microsystems Inc.
java.vendor.url=http://java.sun.com/
path.separator=:
java.vm.name=Java HotSpot(TM) 64-Bit Server VM
file.encoding.pkg=sun.io
user.country=US
sun.java.launcher=SUN_STANDARD
sun.os.patch.level=unknown
install4j.exeDir=/home/apurva/
java.vm.specification.name=Java Virtual Machine Specification
user.dir=/home/apurva/MetaSim_unix_0_9_3.sh.29...
java.runtime.version=1.6.0_12-b04
java.awt.graphicsenv=sun.awt.X11GraphicsEnvironment
java.endorsed.dirs=/usr/java/jdk1.6.0_12/jre/lib/endorsed
os.arch=amd64
java.io.tmpdir=/tmp
line.separator=

java.vm.specification.vendor=Sun Microsystems Inc.
os.name=Linux
exe4j.totalDataLength=14742491
sun.java2d.noddraw=true
sun.jnu.encoding=UTF-8
java.library.path=/usr/java/jdk1.6.0_12/jre/lib/amd64/s...
java.specification.name=Java Platform API Specification
java.class.version=50.0
sun.management.compiler=HotSpot 64-Bit Server Compiler
os.version=2.6.18-92.1.22.el5
user.home=/root
install4j.cwd=/home/apurva
user.timezone=America/New_York
java.awt.printerjob=sun.print.PSPrinterJob
java.specification.version=1.6
file.encoding=UTF-8
install4j.jvmDir=/usr/java/jdk1.6.0_12
user.name=root
java.class.path=i4jruntime.jar:user.jar
java.vm.specification.version=1.0
sun.arch.data.model=64
java.home=/usr/java/jdk1.6.0_12/jre
java.specification.vendor=Sun Microsystems Inc.
user.language=en
java.vm.info=mixed mode
java.version=1.6.0_12
java.ext.dirs=/usr/java/jdk1.6.0_12/jre/lib/ext:/us...
sun.boot.class.path=/usr/java/jdk1.6.0_12/jre/lib/resourc...
java.vendor=Sun Microsystems Inc.
install4j.appDir=/home/apurva/
java.awt.headless=true
file.separator=/
java.vendor.url.bug=http://java.sun.com/cgi-bin/bugreport...
sun.cpu.endian=little
sun.io.unicode.encoding=UnicodeLittle
sun.cpu.isalist=
[INFO] com.install4j.runtime.beans.screens.StartupScreen: command: move 1 screens, executing actions, checking condition
[INFO] com.install4j.runtime.beans.screens.WelcomeScreen: Show screen
[INFO] com.install4j.runtime.beans.screens.WelcomeScreen: command: move 1 screens, executing actions, checking condition
[INFO] com.install4j.runtime.beans.screens.LicenseScreen: Show screen
[INFO] com.install4j.runtime.beans.screens.LicenseScreen: command: move 1 screens, executing actions, checking condition
[INFO] com.install4j.runtime.beans.screens.InstallationDirectoryScreen: Show screen
[INFO] com.install4j.runtime.beans.screens.InstallationDirectoryScreen: command: move 1 screens, executing actions, checking condition
[INFO] com.install4j.runtime.beans.screens.ComponentsScreen: Show screen
[INFO] com.install4j.runtime.beans.screens.ComponentsScreen: command: move 1 screens, executing actions, checking condition
[INFO] com.install4j.runtime.beans.screens.StandardProgramGroupScreen: Show screen
[INFO] com.install4j.runtime.beans.screens.StandardProgramGroupScreen: command: move 1 screens, executing actions, checking condition
[INFO] com.install4j.runtime.beans.screens.InstallationScreen: Show screen
[INFO] com.install4j.runtime.beans.actions.InstallFilesAction: Before execute action
[INFO] com.install4j.runtime.beans.actions.InstallFilesAction: Property directoryResolverScript: null
[INFO] com.install4j.runtime.beans.actions.InstallFilesAction: Property fileFilterScript: null
[INFO] com.install4j.runtime.beans.actions.InstallFilesAction: Property checkFreeSpace: true
[INFO] com.install4j.runtime.beans.actions.InstallFilesAction: Property delay: false
[INFO] com.install4j.runtime.beans.actions.InstallFilesAction: Property showFileNames: true
[INFO] com.install4j.runtime.beans.actions.InstallFilesAction: Property triggerReboot: true
[INFO] com.install4j.runtime.beans.actions.InstallFilesAction: Property validateApplicationId: false
[INFO] com.install4j.runtime.beans.actions.InstallFilesAction: Property rollbackSupported: true
[INFO] com.install4j.runtime.beans.actions.InstallFilesAction: Component MetaSim Program[1691242192]; Selected: true
[INFO] com.install4j.runtime.beans.actions.InstallFilesAction: Component Manual[1691242193]; Selected: true
[INFO] com.install4j.runtime.installer.InstallerContextImpl: Variable changed: sys.installationDir=/home/apurva/bin[class java.lang.String]
[INFO] com.install4j.runtime.beans.actions.InstallFilesAction: Before install file: /home/apurva/bin/.install4j/MetaSim.png; exists: false
[INFO] fileTime: Fri Jan 30 14:42:06 EST 2009, mode: 644, overwriteMode: Always ask except for update, shared: false, uninstallMode: If created, delayIfNecessary: false
[INFO] com.install4j.runtime.beans.actions.InstallFilesAction: After install file: /home/apurva/bin/.install4j/MetaSim.png
[INFO] com.install4j.runtime.beans.actions.InstallFilesAction: Before install file: /home/apurva/bin/.install4j/uninstall.png; exists: false
[INFO] fileTime: Fri Jan 30 14:42:06 EST 2009, mode: 644, overwriteMode: Always ask except for update, shared: false, uninstallMode: If created, delayIfNecessary: false
[INFO] com.install4j.runtime.beans.actions.InstallFilesAction: After install file: /home/apurva/bin/.install4j/uninstall.png
[INFO] com.install4j.runtime.beans.actions.InstallFilesAction: Before install file: /home/apurva/bin/uninstall; exists: false
[INFO] fileTime: Fri Jan 30 14:42:06 EST 2009, mode: 700, overwriteMode: If newer otherwise ask, shared: false, uninstallMode: If created, delayIfNecessary: false
[INFO] com.install4j.runtime.beans.actions.InstallFilesAction: After install file: /home/apurva/bin/uninstall
[INFO] com.install4j.runtime.beans.actions.InstallFilesAction: Before install file: /home/apurva/bin/manual.pdf; exists: false
[INFO] fileTime: Fri Jan 30 14:42:00 EST 2009, mode: 644, overwriteMode: Always ask except for update, shared: false, uninstallMode: If created, delayIfNecessary: false
[INFO] com.install4j.runtime.beans.actions.InstallFilesAction: After install file: /home/apurva/bin/manual.pdf
[INFO] com.install4j.runtime.beans.actions.InstallFilesAction: Before install file: /home/apurva/bin/class/resources/files/ncbi.map; exists: false
[INFO] fileTime: Fri Jan 30 14:42:00 EST 2009, mode: 644, overwriteMode: Always ask except for update, shared: false, uninstallMode: If created, delayIfNecessary: false
[INFO] com.install4j.runtime.beans.actions.InstallFilesAction: After install file: /home/apurva/bin/class/resources/files/ncbi.map
[INFO] com.install4j.runtime.beans.actions.InstallFilesAction: Before install file: /home/apurva/bin/class/resources/files/ncbi.siz; exists: false
[INFO] fileTime: Fri Jan 30 14:42:00 EST 2009, mode: 644, overwriteMode: Always ask except for update, shared: false, uninstallMode: If created, delayIfNecessary: false
[INFO] com.install4j.runtime.beans.actions.InstallFilesAction: After install file: /home/apurva/bin/class/resources/files/ncbi.siz
[INFO] com.install4j.runtime.beans.actions.InstallFilesAction: Before install file: /home/apurva/bin/class/resources/files/ncbi.tre; exists: false
[INFO] fileTime: Fri Jan 30 14:42:00 EST 2009, mode: 644, overwriteMode: Always ask except for update, shared: false, uninstallMode: If created, delayIfNecessary: false
[INFO] com.install4j.runtime.beans.actions.InstallFilesAction: After install file: /home/apurva/bin/class/resources/files/ncbi.tre
[INFO] com.install4j.runtime.beans.actions.InstallFilesAction: Before install file: /home/apurva/bin/examples/ErrorModelSolexa36bp.mconf; exists: false
[INFO] fileTime: Fri Jan 30 14:42:00 EST 2009, mode: 644, overwriteMode: Always ask except for update, shared: false, uninstallMode: If created, delayIfNecessary: false
[INFO] com.install4j.runtime.beans.actions.InstallFilesAction: After install file: /home/apurva/bin/examples/ErrorModelSolexa36bp.mconf
[INFO] com.install4j.runtime.beans.actions.InstallFilesAction: Before install file: /home/apurva/bin/jars/batik-all-1.6.jar; exists: false
[INFO] fileTime: Fri Jan 30 14:42:00 EST 2009, mode: 644, overwriteMode: Always ask except for update, shared: false, uninstallMode: If created, delayIfNecessary: false
[INFO] com.install4j.runtime.beans.actions.InstallFilesAction: After install file: /home/apurva/bin/jars/batik-all-1.6.jar
[INFO] com.install4j.runtime.beans.actions.InstallFilesAction: Before install file: /home/apurva/bin/jars/batik.LICENSE.txt; exists: false
[INFO] fileTime: Fri Jan 30 14:42:00 EST 2009, mode: 644, overwriteMode: Always ask except for update, shared: false, uninstallMode: If created, delayIfNecessary: false
[INFO] com.install4j.runtime.beans.actions.InstallFilesAction: After install file: /home/apurva/bin/jars/batik.LICENSE.txt
[INFO] com.install4j.runtime.beans.actions.InstallFilesAction: Before install file: /home/apurva/bin/jars/batik.NOTICE.txt; exists: false
[INFO] fileTime: Fri Jan 30 14:42:00 EST 2009, mode: 644, overwriteMode: Always ask except for update, shared: false, uninstallMode: If created, delayIfNecessary: false
[INFO] com.install4j.runtime.beans.actions.InstallFilesAction: After install file: /home/apurva/bin/jars/batik.NOTICE.txt
[INFO] com.install4j.runtime.beans.actions.InstallFilesAction: Before install file: /home/apurva/bin/jars/BrowserLauncher2-10rc4.jar; exists: false
[INFO] fileTime: Fri Jan 30 14:42:00 EST 2009, mode: 644, overwriteMode: Always ask except for update, shared: false, uninstallMode: If created, delayIfNecessary: false
[INFO] com.install4j.runtime.beans.actions.InstallFilesAction: After install file: /home/apurva/bin/jars/BrowserLauncher2-10rc4.jar
[INFO] com.install4j.runtime.beans.actions.InstallFilesAction: Before install file: /home/apurva/bin/jars/commons-compress-20050911.jar; exists: false
[INFO] fileTime: Fri Jan 30 14:42:00 EST 2009, mode: 644, overwriteMode: Always ask except for update, shared: false, uninstallMode: If created, delayIfNecessary: false
[INFO] com.install4j.runtime.beans.actions.InstallFilesAction: After install file: /home/apurva/bin/jars/commons-compress-20050911.jar
[INFO] com.install4j.runtime.beans.actions.InstallFilesAction: Before install file: /home/apurva/bin/jars/evolve.jar; exists: false
[INFO] fileTime: Fri Jan 30 14:42:00 EST 2009, mode: 644, overwriteMode: Always ask except for update, shared: false, uninstallMode: If created, delayIfNecessary: false
[INFO] com.install4j.runtime.beans.actions.InstallFilesAction: After install file: /home/apurva/bin/jars/evolve.jar
[INFO] com.install4j.runtime.beans.actions.InstallFilesAction: Before install file: /home/apurva/bin/jars/hsqldb-1.8.0.7.jar; exists: false
[INFO] fileTime: Fri Jan 30 14:42:00 EST 2009, mode: 644, overwriteMode: Always ask except for update, shared: false, uninstallMode: If created, delayIfNecessary: false
[INFO] com.install4j.runtime.beans.actions.InstallFilesAction: After install file: /home/apurva/bin/jars/hsqldb-1.8.0.7.jar
[INFO] com.install4j.runtime.beans.actions.InstallFilesAction: Before install file: /home/apurva/bin/jars/hsqldb.jar; exists: false
[INFO] fileTime: Fri Jan 30 14:42:00 EST 2009, mode: 644, overwriteMode: Always ask except for update, shared: false, uninstallMode: If created, delayIfNecessary: false
[INFO] com.install4j.runtime.beans.actions.InstallFilesAction: After install file: /home/apurva/bin/jars/hsqldb.jar
[INFO] com.install4j.runtime.beans.actions.InstallFilesAction: Before install file: /home/apurva/bin/jars/jcommon-1.0.10.jar; exists: false
[INFO] fileTime: Fri Jan 30 14:42:00 EST 2009, mode: 644, overwriteMode: Always ask except for update, shared: false, uninstallMode: If created, delayIfNecessary: false
[INFO] com.install4j.runtime.beans.actions.InstallFilesAction: After install file: /home/apurva/bin/jars/jcommon-1.0.10.jar
[INFO] com.install4j.runtime.beans.actions.InstallFilesAction: Before install file: /home/apurva/bin/jars/MetaSim.jar; exists: false
[INFO] fileTime: Fri Jan 30 14:42:00 EST 2009, mode: 644, overwriteMode: Always ask except for update, shared: false, uninstallMode: If created, delayIfNecessary: false
[INFO] com.install4j.runtime.beans.actions.InstallFilesAction: After install file: /home/apurva/bin/jars/MetaSim.jar
[INFO] com.install4j.runtime.beans.actions.InstallFilesAction: Before install file: /home/apurva/bin/jars/MRJAdapter.jar; exists: false
[INFO] fileTime: Fri Jan 30 14:42:00 EST 2009, mode: 644, overwriteMode: Always ask except for update, shared: false, uninstallMode: If created, delayIfNecessary: false
[INFO] com.install4j.runtime.beans.actions.InstallFilesAction: After install file: /home/apurva/bin/jars/MRJAdapter.jar
[INFO] com.install4j.runtime.beans.actions.InstallFilesAction: Before install file: /home/apurva/bin/jars/oro-2.0.8.jar; exists: false
[INFO] fileTime: Fri Jan 30 14:42:00 EST 2009, mode: 644, overwriteMode: Always ask except for update, shared: false, uninstallMode: If created, delayIfNecessary: false
[INFO] com.install4j.runtime.beans.actions.InstallFilesAction: After install file: /home/apurva/bin/jars/oro-2.0.8.jar
[INFO] com.install4j.runtime.beans.actions.InstallFilesAction: Before install file: /home/apurva/bin/jars/swtgraphics2d.jar; exists: false
[INFO] fileTime: Fri Jan 30 14:42:00 EST 2009, mode: 644, overwriteMode: Always ask except for update, shared: false, uninstallMode: If created, delayIfNecessary: false
[INFO] com.install4j.runtime.beans.actions.InstallFilesAction: After install file: /home/apurva/bin/jars/swtgraphics2d.jar
[INFO] com.install4j.runtime.beans.actions.InstallFilesAction: Before install file: /home/apurva/bin/License.txt; exists: false
[INFO] fileTime: Fri Jan 30 14:42:00 EST 2009, mode: 644, overwriteMode: Always ask except for update, shared: false, uninstallMode: If created, delayIfNecessary: false
[INFO] com.install4j.runtime.beans.actions.InstallFilesAction: After install file: /home/apurva/bin/License.txt
[INFO] com.install4j.runtime.beans.actions.InstallFilesAction: Before install file: /home/apurva/bin/MetaSim; exists: false
[INFO] fileTime: Fri Jan 30 14:42:06 EST 2009, mode: 755, overwriteMode: If newer otherwise ask, shared: false, uninstallMode: If created, delayIfNecessary: false
[INFO] com.install4j.runtime.beans.actions.InstallFilesAction: After install file: /home/apurva/bin/MetaSim
[INFO] com.install4j.runtime.beans.actions.InstallFilesAction: Before install file: /home/apurva/bin/.install4j/inst_jre.cfg; exists: false
[INFO] fileTime: Fri Feb 13 13:47:40 EST 2009, mode: 644, overwriteMode: Always, shared: false, uninstallMode: If created, delayIfNecessary: false
[INFO] com.install4j.runtime.beans.actions.InstallFilesAction: After install file: /home/apurva/bin/.install4j/inst_jre.cfg
[INFO] com.install4j.runtime.beans.actions.InstallFilesAction: Before install file: /home/apurva/bin/.install4j/i4jruntime.jar; exists: false
[INFO] fileTime: Fri Feb 13 13:47:40 EST 2009, mode: 644, overwriteMode: Always, shared: false, uninstallMode: Always, delayIfNecessary: false
[INFO] com.install4j.runtime.beans.actions.InstallFilesAction: After install file: /home/apurva/bin/.install4j/i4jruntime.jar
[INFO] com.install4j.runtime.beans.actions.InstallFilesAction: Before install file: /home/apurva/bin/.install4j/MessagesDefault; exists: false
[INFO] fileTime: Fri Feb 13 13:47:40 EST 2009, mode: 644, overwriteMode: Always, shared: false, uninstallMode: Always, delayIfNecessary: false
[INFO] com.install4j.runtime.beans.actions.InstallFilesAction: After install file: /home/apurva/bin/.install4j/MessagesDefault
[INFO] com.install4j.runtime.beans.actions.InstallFilesAction: Before install file: /home/apurva/bin/.install4j/i4jparams.conf; exists: false
[INFO] fileTime: Fri Feb 13 13:47:40 EST 2009, mode: 644, overwriteMode: Always, shared: false, uninstallMode: Always, delayIfNecessary: false
[INFO] com.install4j.runtime.beans.actions.InstallFilesAction: After install file: /home/apurva/bin/.install4j/i4jparams.conf
[INFO] com.install4j.runtime.beans.actions.InstallFilesAction: Before install file: /home/apurva/bin/.install4j/user.jar; exists: false
[INFO] fileTime: Fri Feb 13 13:47:40 EST 2009, mode: 644, overwriteMode: Always, shared: false, uninstallMode: Always, delayIfNecessary: false
[INFO] com.install4j.runtime.beans.actions.InstallFilesAction: After install file: /home/apurva/bin/.install4j/user.jar
[INFO] com.install4j.runtime.beans.actions.InstallFilesAction: Before install file: /home/apurva/bin/.install4j/i4j_extf_0_jx3hsu.utf8; exists: false
[INFO] fileTime: Fri Feb 13 13:47:40 EST 2009, mode: 644, overwriteMode: Always, shared: false, uninstallMode: Always, delayIfNecessary: false
[INFO] com.install4j.runtime.beans.actions.InstallFilesAction: After install file: /home/apurva/bin/.install4j/i4j_extf_0_jx3hsu.utf8
[INFO] com.install4j.runtime.beans.actions.InstallFilesAction: Before install file: /home/apurva/bin/.install4j/i4j_extf_1_jx3hsu.txt; exists: false
[INFO] fileTime: Fri Feb 13 13:47:40 EST 2009, mode: 644, overwriteMode: Always, shared: false, uninstallMode: Always, delayIfNecessary: false
[INFO] com.install4j.runtime.beans.actions.InstallFilesAction: After install file: /home/apurva/bin/.install4j/i4j_extf_1_jx3hsu.txt
[INFO] com.install4j.runtime.beans.actions.InstallFilesAction: After execute action
[INFO] com.install4j.runtime.beans.actions.desktop.CreateProgramGroupAction: Before execute action
[INFO] com.install4j.runtime.beans.actions.desktop.CreateProgramGroupAction: Property enabled: true
[INFO] com.install4j.runtime.beans.actions.desktop.CreateProgramGroupAction: Property categories: Application
[INFO] com.install4j.runtime.beans.actions.desktop.CreateProgramGroupAction: Property linkDirectory: /usr/local/bin
[INFO] com.install4j.runtime.beans.actions.desktop.CreateProgramGroupAction: Property programGroupEntryConfigs: []
[INFO] com.install4j.runtime.beans.actions.desktop.CreateProgramGroupAction: Property programGroupName: MetaSim
[INFO] com.install4j.runtime.beans.actions.desktop.CreateProgramGroupAction: Property addDefaultLauncherLinks: true
[INFO] com.install4j.runtime.beans.actions.desktop.CreateProgramGroupAction: Property addUninstaller: true
[INFO] com.install4j.runtime.beans.actions.desktop.CreateProgramGroupAction: Property allUsers: true
[INFO] com.install4j.runtime.beans.actions.desktop.CreateProgramGroupAction: Property rollbackSupported: true
[INFO] com.install4j.runtime.beans.actions.desktop.CreateProgramGroupAction: Before install file: /home/apurva/bin/MetaSim.desktop; exists: false
[INFO] fileTime: Fri Feb 13 13:47:41 EST 2009, mode: 644, overwriteMode: Always, shared: false, uninstallMode: If created, delayIfNecessary: false
[INFO] com.install4j.runtime.beans.actions.desktop.CreateProgramGroupAction: After install file: /home/apurva/bin/MetaSim.desktop
[INFO] com.install4j.runtime.beans.actions.desktop.CreateProgramGroupAction: Before install file: /usr/share/applications/MetaSim-0.desktop; exists: false
[INFO] fileTime: Fri Feb 13 13:47:41 EST 2009, mode: 644, overwriteMode: Always, shared: false, uninstallMode: If created, delayIfNecessary: false
[INFO] com.install4j.runtime.beans.actions.desktop.CreateProgramGroupAction: After install file: /usr/share/applications/MetaSim-0.desktop
[INFO] com.install4j.runtime.beans.actions.desktop.CreateProgramGroupAction: After execute action
[INFO] com.install4j.runtime.beans.actions.desktop.RegisterAddRemoveAction: Before execute action
[INFO] com.install4j.runtime.beans.actions.desktop.RegisterAddRemoveAction: Property icon: null
[INFO] com.install4j.runtime.beans.actions.desktop.RegisterAddRemoveAction: Property itemName: MetaSim 0.9.3
[INFO] com.install4j.runtime.beans.actions.desktop.RegisterAddRemoveAction: Property persistentProperties: {}
[INFO] com.install4j.runtime.beans.actions.desktop.RegisterAddRemoveAction: Property rollbackSupported: true
[INFO] com.install4j.runtime.beans.actions.desktop.RegisterAddRemoveAction: After execute action
[INFO] com.install4j.runtime.beans.screens.InstallationScreen: Rollback barrier reached
[INFO] com.install4j.runtime.beans.screens.InstallationScreen: command: move 1 screens, executing actions, checking condition
[INFO] com.install4j.runtime.beans.screens.FinishedScreen: Show screen
[INFO] com.install4j.runtime.beans.screens.FinishedScreen: command: finish
[INFO] com.install4j.runtime.installer.InstallerContextImpl: Finishing
